21:01:48.119 [main] INFO  calculator.stack_calculators.StackCalculatorFromTerminal - initializing calculator data
21:03:01.258 [main] INFO  calculator.operations.Define - executing operation
21:04:08.322 [main] INFO  calculator.operations.Define - executing operation
21:06:56.607 [main] INFO  calculator.operations.Define - executing operation
21:06:56.744 [main] INFO  calculator.operations.Division - executing operation
21:06:56.759 [main] INFO  calculator.operations.Multiply - executing operation
21:06:56.767 [main] INFO  calculator.operations.Sqrt - executing operation
21:06:56.775 [main] INFO  calculator.operations.Subtraction - executing operation
21:06:56.782 [main] INFO  calculator.operations.Sum - executing operation
21:08:14.893 [main] INFO  calculator.operations.Division - executing operation
21:08:19.590 [main] INFO  calculator.operations.Multiply - executing operation
21:08:22.185 [main] INFO  calculator.operations.Division - executing operation
21:08:22.315 [main] INFO  calculator.operations.Multiply - executing operation
21:08:22.320 [main] INFO  calculator.operations.Sqrt - executing operation
21:08:22.326 [main] INFO  calculator.operations.Subtraction - executing operation
21:08:22.331 [main] INFO  calculator.operations.Sum - executing operation
21:08:53.324 [main] INFO  calculator.stack_calculators.StackCalculatorFromTerminal - initializing calculator data
21:10:34.346 [main] INFO  calculator.stack_calculators.StackCalculatorFromTerminal - initializing calculator data
21:11:00.570 [main] INFO  calculator.operations.Define - executing operation
21:11:05.511 [main] INFO  calculator.operations.Division - executing operation
21:11:05.621 [main] INFO  calculator.operations.Multiply - executing operation
21:11:05.627 [main] INFO  calculator.operations.Sqrt - executing operation
21:11:05.632 [main] INFO  calculator.operations.Subtraction - executing operation
21:11:05.638 [main] INFO  calculator.operations.Sum - executing operation
21:13:56.374 [main] INFO  calculator.operations.Define - executing operation
21:13:56.485 [main] INFO  calculator.operations.Division - executing operation
21:13:56.494 [main] INFO  calculator.operations.Multiply - executing operation
21:13:56.499 [main] INFO  calculator.operations.Sqrt - executing operation
21:13:56.503 [main] INFO  calculator.operations.Subtraction - executing operation
21:13:56.509 [main] INFO  calculator.operations.Sum - executing operation
21:14:38.144 [main] INFO  calculator.operations.Define - executing operation
21:14:38.298 [main] INFO  calculator.operations.Division - executing operation
21:14:38.312 [main] INFO  calculator.operations.Multiply - executing operation
21:14:38.316 [main] INFO  calculator.operations.Sqrt - executing operation
21:14:38.320 [main] INFO  calculator.operations.Subtraction - executing operation
21:14:38.324 [main] INFO  calculator.operations.Sum - executing operation
21:18:20.114 [main] INFO  calculator.operations.Define - executing operation
21:18:20.293 [main] INFO  calculator.operations.Division - executing operation
21:18:20.310 [main] INFO  calculator.operations.Multiply - executing operation
21:18:20.316 [main] INFO  calculator.operations.Sqrt - executing operation
21:18:20.321 [main] INFO  calculator.operations.Subtraction - executing operation
21:18:20.326 [main] INFO  calculator.operations.Sum - executing operation
21:48:29.449 [main] INFO  calculator.operations.Define - executing operation
21:48:29.624 [main] INFO  calculator.operations.Division - executing operation
21:48:29.642 [main] INFO  calculator.operations.Multiply - executing operation
21:48:29.648 [main] INFO  calculator.operations.Sqrt - executing operation
21:48:29.654 [main] INFO  calculator.operations.Subtraction - executing operation
21:48:29.660 [main] INFO  calculator.operations.Sum - executing operation
